{
  "Unit Tests": {
    "coverage": {
      "/Users/marinacorona/Turing/1602_Module1/black_thursday/lib/sales_analyst.rb": [
        1,
        1,
        1,
        1,
        null,
        1,
        null,
        1,
        null,
        1,
        24,
        24,
        24,
        24,
        24,
        24,
        24,
        null,
        null,
        1,
        38,
        38,
        38,
        38,
        38,
        null,
        null,
        1,
        40,
        null,
        null,
        1,
        40,
        40,
        40,
        null,
        null,
        1,
        40,
        13336,
        null,
        null,
        null,
        1,
        1,
        475,
        null,
        null,
        null,
        1,
        38,
        12858,
        36990,
        null,
        12858,
        12858,
        null,
        null,
        null,
        1,
        2,
        1,
        null,
        null,
        1,
        480,
        2,
        null,
        null,
        1,
        1,
        1,
        1,
        null,
        null,
        1,
        1,
        1367,
        null,
        null,
        null,
        1,
        1,
        1367,
        null,
        1,
        1,
        null,
        null,
        1,
        1,
        1367,
        null,
        1,
        null,
        null,
        1,
        34,
        null,
        null,
        1,
        33,
        null,
        13315,
        null,
        33,
        33,
        null,
        null,
        1,
        1,
        475,
        null,
        null,
        null,
        1,
        1,
        475,
        null,
        null,
        null,
        1,
        1,
        1,
        1,
        1,
        1,
        null,
        null,
        1,
        1,
        4985,
        4985,
        4985,
        4985,
        null,
        null,
        null,
        1,
        1,
        1,
        1,
        null,
        null,
        1,
        1,
        7,
        null,
        1,
        1,
        null,
        null,
        1,
        1,
        7,
        null,
        1,
        null,
        null,
        1,
        3,
        14955,
        null,
        null,
        3,
        3,
        3,
        null,
        null,
        1,
        1,
        null,
        null,
        1,
        1,
        3,
        2,
        null,
        1,
        null,
        null,
        1,
        null,
        null,
        1,
        0,
        0,
        null,
        null,
        null,
        1,
        1,
        3,
        3,
        null,
        null,
        null,
        null,
        1,
        2,
        6,
        null,
        null,
        null,
        1,
        1,
        2,
        1,
        null,
        null,
        1,
        1,
        1,
        1,
        1,
        null,
        null,
        1,
        1,
        1,
        9,
        3,
        null,
        null,
        1,
        null,
        null,
        1,
        1,
        1,
        54,
        1,
        null,
        null,
        1,
        null,
        null,
        1,
        1,
        1,
        1,
        19,
        1,
        null,
        null,
        null,
        1,
        null,
        null,
        1,
        1,
        1,
        1,
        1,
        1,
        1,
        null,
        null,
        1,
        null,
        1,
        1367,
        null,
        1,
        null,
        null,
        1,
        1,
        16,
        null,
        null,
        null,
        1,
        0,
        0,
        0,
        null,
        null,
        null,
        1,
        null,
        16,
        1,
        null,
        null,
        null,
        1,
        null,
        17,
        3,
        null,
        null,
        1,
        null,
        31,
        3,
        null,
        null,
        1,
        3,
        14955,
        null,
        null,
        null,
        1,
        0,
        0,
        null,
        null,
        null,
        null,
        null,
        1,
        2,
        2,
        2,
        2,
        2,
        1422,
        null,
        2,
        null,
        null,
        1,
        2,
        51,
        null,
        null,
        null,
        1,
        0,
        0,
        0,
        null,
        null,
        1,
        0,
        0,
        null,
        null,
        null,
        1,
        null,
        0,
        0,
        null,
        null,
        null
      ],
      "/Users/marinacorona/Turing/1602_Module1/black_thursday/lib/sales_engine.rb": [
        1,
        1,
        1,
        1,
        1,
        1,
        1,
        1,
        null,
        1,
        1,
        null,
        1,
        24,
        24,
        24,
        24,
        null,
        null,
        null,
        1,
        24,
        24,
        24,
        24,
        24,
        24,
        24,
        24,
        null,
        null,
        1,
        24,
        null,
        null,
        1,
        24,
        76,
        null,
        null,
        null,
        1,
        76,
        76,
        null,
        0,
        null,
        null,
        null,
        1,
        25,
        25,
        25,
        25,
        null,
        null,
        1,
        25,
        8099,
        8099,
        null,
        null,
        null,
        1,
        4,
        9988,
        null,
        null,
        null,
        1,
        4,
        9988,
        null,
        null,
        null,
        1,
        8099,
        8099,
        8099,
        8099,
        23302,
        null,
        8099,
        null,
        null,
        null,
        1,
        8099,
        8087,
        8087,
        8087,
        84769,
        null,
        null,
        8099,
        null,
        null,
        1,
        0,
        0,
        0,
        0,
        0,
        0,
        0,
        null,
        null,
        null,
        null,
        1,
        0,
        0,
        0,
        0,
        0,
        0,
        null,
        0,
        null,
        null,
        1,
        0,
        null,
        null,
        1,
        0,
        0,
        0,
        null,
        null,
        1,
        9988,
        9988,
        9976,
        9976,
        null,
        null,
        null,
        1,
        9988,
        9988,
        43696,
        null,
        null,
        null,
        1,
        0,
        0,
        0,
        null,
        null,
        1,
        0,
        0,
        0,
        null,
        null,
        1,
        0,
        0,
        null,
        0,
        0,
        null,
        null,
        null,
        null
      ],
      "/Users/marinacorona/Turing/1602_Module1/black_thursday/lib/item_repository.rb": [
        1,
        1,
        1,
        1,
        null,
        1,
        null,
        1,
        0,
        null,
        null,
        1,
        1,
        null,
        1,
        24,
        null,
        null,
        1,
        24,
        23344,
        23344,
        null,
        null,
        null,
        1,
        0,
        0,
        0,
        null,
        null,
        null,
        1,
        0,
        null,
        null,
        1,
        24,
        null,
        null,
        1,
        0,
        null,
        null,
        1,
        0,
        null,
        null,
        1,
        8099,
        null,
        null,
        1,
        0,
        null,
        null,
        1,
        0,
        null,
        null,
        1,
        0,
        0,
        null,
        null,
        null,
        null,
        null,
        null,
        null,
        null,
        null,
        null,
        1,
        null,
        null,
        null,
        null,
        null,
        null,
        null,
        null,
        null,
        null,
        null,
        0,
        0,
        0,
        null,
        null
      ],
      "/Users/marinacorona/Turing/1602_Module1/black_thursday/lib/item.rb": [
        1,
        1,
        1,
        null,
        1,
        1,
        1,
        23344,
        23344,
        23344,
        23344,
        23344,
        23344,
        23344,
        23344,
        null,
        null,
        1,
        23344,
        null,
        null,
        1,
        0,
        null,
        null,
        1,
        0,
        null,
        null,
        1,
        0,
        null,
        null,
        null,
        null,
        1,
        null,
        0,
        null,
        null,
        null,
        null,
        null,
        null,
        0,
        null,
        null
      ],
      "/Users/marinacorona/Turing/1602_Module1/black_thursday/lib/repository.rb": [
        1,
        null,
        1,
        0,
        null,
        null,
        1,
        0,
        0,
        null,
        null,
        null,
        1,
        0,
        0,
        null,
        null,
        null,
        1,
        0,
        0,
        null,
        null,
        null,
        1,
        8099,
        11042941,
        null,
        null,
        null,
        null
      ],
      "/Users/marinacorona/Turing/1602_Module1/black_thursday/lib/merchant_repository.rb": [
        1,
        1,
        1,
        1,
        1,
        1,
        null,
        1,
        null,
        1,
        0,
        null,
        null,
        1,
        null,
        1,
        null,
        1,
        24,
        null,
        null,
        1,
        24,
        24,
        7624,
        7624,
        null,
        null,
        0,
        null,
        null,
        null,
        1,
        0,
        0,
        0,
        null,
        null,
        null,
        1,
        49,
        null,
        null,
        1,
        0,
        null,
        null,
        1,
        0,
        null,
        null,
        1,
        0,
        null,
        null,
        1,
        0,
        null,
        null,
        null
      ],
      "/Users/marinacorona/Turing/1602_Module1/black_thursday/lib/merchant.rb": [
        1,
        1,
        null,
        1,
        1,
        null,
        1,
        7624,
        7624,
        7624,
        7624,
        7624,
        7624,
        7624,
        null,
        null,
        1,
        4,
        4,
        11,
        2,
        2,
        null,
        2,
        null,
        null,
        4,
        null,
        null,
        1,
        0,
        null,
        null,
        null
      ],
      "/Users/marinacorona/Turing/1602_Module1/black_thursday/lib/invoice_repository.rb": [
        1,
        1,
        1,
        1,
        1,
        null,
        1,
        null,
        1,
        0,
        null,
        null,
        1,
        null,
        1,
        20,
        null,
        null,
        1,
        20,
        84772,
        84772,
        null,
        null,
        null,
        1,
        0,
        0,
        0,
        null,
        null,
        null,
        1,
        0,
        null,
        null,
        1,
        28,
        null,
        null,
        1,
        0,
        0,
        null,
        null,
        null,
        1,
        8087,
        40268911,
        null,
        null,
        null,
        1,
        0,
        0,
        null,
        null,
        null,
        1,
        0,
        0,
        null,
        null,
        null,
        null,
        null,
        null
      ],
      "/Users/marinacorona/Turing/1602_Module1/black_thursday/lib/invoice.rb": [
        1,
        1,
        null,
        1,
        1,
        1,
        84772,
        84772,
        84772,
        84772,
        84772,
        84772,
        84772,
        84772,
        84772,
        null,
        null,
        null,
        1,
        42,
        25,
        null,
        null,
        null,
        1,
        3,
        0,
        null,
        null,
        null,
        1,
        14955,
        null,
        null,
        1,
        0,
        0,
        null,
        null,
        null,
        1,
        4985,
        null,
        null,
        1,
        0,
        null,
        null,
        1,
        0,
        null,
        null,
        null
      ],
      "/Users/marinacorona/Turing/1602_Module1/black_thursday/lib/invoice_item_repository.rb": [
        1,
        1,
        1,
        1,
        null,
        1,
        null,
        1,
        0,
        null,
        null,
        1,
        null,
        1,
        4,
        null,
        null,
        1,
        4,
        43698,
        43698,
        null,
        null,
        null,
        1,
        0,
        0,
        0,
        null,
        null,
        1,
        4,
        null,
        null,
        1,
        0,
        null,
        null,
        1,
        0,
        0,
        null,
        null,
        null,
        1,
        0,
        0,
        null,
        null,
        null,
        1,
        9988,
        217645442,
        null,
        null,
        null,
        null
      ],
      "/Users/marinacorona/Turing/1602_Module1/black_thursday/lib/invoice_item.rb": [
        1,
        1,
        1,
        null,
        1,
        1,
        null,
        1,
        43698,
        43698,
        43698,
        43698,
        43698,
        43698,
        43698,
        43698,
        43698,
        null,
        null,
        1,
        54,
        null,
        null,
        1,
        54,
        null,
        null,
        1,
        0,
        null,
        null,
        1,
        0,
        null,
        null,
        1,
        0,
        null,
        null,
        null,
        null,
        1,
        null,
        null,
        null,
        null
      ],
      "/Users/marinacorona/Turing/1602_Module1/black_thursday/lib/customer_repository.rb": [
        1,
        1,
        1,
        null,
        1,
        1,
        null,
        1,
        0,
        null,
        null,
        1,
        null,
        1,
        0,
        null,
        null,
        1,
        0,
        0,
        0,
        null,
        null,
        null,
        1,
        0,
        0,
        0,
        null,
        null,
        null,
        1,
        0,
        null,
        null,
        1,
        0,
        null,
        null,
        1,
        0,
        0,
        null,
        null,
        null,
        1,
        0,
        0,
        null,
        null,
        null,
        1,
        0,
        0,
        null,
        null,
        null,
        null,
        null,
        null,
        null
      ],
      "/Users/marinacorona/Turing/1602_Module1/black_thursday/lib/customer.rb": [
        1,
        1,
        null,
        1,
        1,
        null,
        1,
        0,
        0,
        0,
        0,
        0,
        0,
        0,
        null,
        null,
        1,
        0,
        null,
        null,
        1,
        0,
        null,
        null,
        1,
        0,
        null,
        null,
        null,
        null,
        1,
        0,
        null,
        null,
        null,
        null,
        null,
        null,
        null,
        0,
        null
      ],
      "/Users/marinacorona/Turing/1602_Module1/black_thursday/lib/transaction_repository.rb": [
        1,
        1,
        1,
        1,
        null,
        null,
        1,
        null,
        null,
        1,
        0,
        null,
        null,
        1,
        null,
        1,
        4,
        null,
        null,
        1,
        4,
        10078,
        10078,
        null,
        null,
        null,
        1,
        0,
        0,
        0,
        null,
        null,
        null,
        1,
        4,
        null,
        null,
        1,
        0,
        null,
        null,
        1,
        0,
        0,
        null,
        null,
        null,
        1,
        9988,
        49701422,
        null,
        null,
        null,
        1,
        0,
        0,
        null,
        null,
        null,
        1,
        0,
        0,
        null,
        null,
        null,
        null,
        null,
        null,
        1,
        0,
        0,
        null,
        0,
        0,
        0,
        0,
        0,
        null,
        0,
        0,
        null
      ],
      "/Users/marinacorona/Turing/1602_Module1/black_thursday/lib/transaction.rb": [
        1,
        1,
        null,
        1,
        1,
        null,
        null,
        1,
        10078,
        10078,
        10078,
        10078,
        10078,
        10078,
        10078,
        10078,
        null,
        null,
        1,
        0,
        null,
        null,
        1,
        0,
        null,
        null,
        1,
        0,
        null,
        null,
        null
      ]
    },
    "timestamp": 1457574035
  },
  "RSpec": {
    "coverage": {
      "/Users/marinacorona/Turing/1602_Module1/black_thursday/lib/customer_repository.rb": [
        1,
        1,
        1,
        null,
        1,
        1,
        null,
        1,
        0,
        null,
        null,
        1,
        null,
        1,
        12,
        null,
        null,
        1,
        4,
        2050,
        2050,
        null,
        null,
        null,
        1,
        8,
        32,
        32,
        null,
        null,
        null,
        1,
        9989,
        null,
        null,
        1,
        0,
        null,
        null,
        1,
        9991,
        4940241,
        null,
        null,
        null,
        1,
        2,
        8,
        null,
        null,
        null,
        1,
        2,
        8,
        null,
        null,
        null,
        null,
        null,
        null,
        null
      ],
      "/Users/marinacorona/Turing/1602_Module1/black_thursday/lib/repository.rb": [
        1,
        null,
        1,
        0,
        null,
        null,
        1,
        8,
        967,
        null,
        null,
        null,
        1,
        53697,
        32037797,
        null,
        null,
        null,
        1,
        0,
        0,
        null,
        null,
        null,
        1,
        14782,
        20141981,
        null,
        null,
        null,
        null
      ],
      "/Users/marinacorona/Turing/1602_Module1/black_thursday/lib/customer.rb": [
        1,
        1,
        null,
        1,
        1,
        null,
        1,
        2084,
        2084,
        2084,
        2084,
        2084,
        2084,
        2084,
        null,
        null,
        1,
        1,
        null,
        null,
        1,
        1,
        null,
        null,
        1,
        0,
        null,
        null,
        null,
        null,
        1,
        0,
        null,
        null,
        null,
        null,
        null,
        null,
        null,
        0,
        null
      ],
      "/Users/marinacorona/Turing/1602_Module1/black_thursday/lib/sales_engine.rb": [
        1,
        1,
        1,
        1,
        1,
        1,
        1,
        1,
        null,
        1,
        1,
        null,
        1,
        50,
        49,
        49,
        49,
        null,
        null,
        null,
        1,
        49,
        49,
        49,
        49,
        49,
        49,
        49,
        49,
        null,
        null,
        1,
        46,
        null,
        null,
        1,
        49,
        148,
        null,
        null,
        null,
        1,
        148,
        142,
        null,
        6,
        null,
        null,
        null,
        1,
        50,
        50,
        50,
        50,
        null,
        null,
        1,
        50,
        14782,
        14782,
        null,
        null,
        null,
        1,
        9,
        19985,
        null,
        null,
        null,
        1,
        9,
        19985,
        null,
        null,
        null,
        1,
        14782,
        14782,
        14782,
        14782,
        42494,
        null,
        14782,
        null,
        null,
        null,
        1,
        14782,
        9999,
        9999,
        9999,
        104741,
        null,
        null,
        14782,
        null,
        null,
        1,
        4,
        4,
        9988,
        9988,
        9988,
        9988,
        9988,
        null,
        null,
        null,
        null,
        1,
        9988,
        9988,
        9988,
        43696,
        43696,
        43696,
        null,
        9988,
        null,
        null,
        1,
        43696,
        null,
        null,
        1,
        43696,
        43696,
        43696,
        null,
        null,
        1,
        29973,
        29973,
        29931,
        29931,
        null,
        null,
        null,
        1,
        19985,
        19985,
        87410,
        null,
        null,
        null,
        1,
        9988,
        9988,
        9988,
        null,
        null,
        1,
        9988,
        9988,
        9988,
        null,
        null,
        1,
        9988,
        4735804,
        null,
        9988,
        9970450,
        null,
        null,
        null,
        null,
        null,
        null,
        null,
        1,
        null,
        0,
        null,
        null,
        null,
        null,
        null,
        null,
        null,
        null,
        null,
        0,
        null,
        null,
        null
      ],
      "/Users/marinacorona/Turing/1602_Module1/black_thursday/lib/item_repository.rb": [
        1,
        1,
        1,
        1,
        null,
        1,
        null,
        1,
        0,
        null,
        null,
        1,
        1,
        null,
        1,
        53,
        null,
        null,
        1,
        46,
        45306,
        45306,
        null,
        null,
        null,
        1,
        7,
        15,
        15,
        null,
        null,
        null,
        1,
        3,
        null,
        null,
        1,
        27,
        null,
        null,
        1,
        2,
        null,
        null,
        1,
        43699,
        null,
        null,
        1,
        14782,
        null,
        null,
        1,
        0,
        null,
        null,
        1,
        0,
        null,
        null,
        1,
        0,
        0,
        null,
        null,
        null,
        null,
        null,
        null,
        null,
        null,
        null,
        null,
        1,
        null,
        null,
        null,
        null,
        null,
        null,
        null,
        null,
        null,
        null,
        null,
        0,
        0,
        0,
        null,
        null
      ],
      "/Users/marinacorona/Turing/1602_Module1/black_thursday/lib/item.rb": [
        1,
        1,
        1,
        null,
        1,
        1,
        1,
        45324,
        45324,
        45324,
        45324,
        45324,
        45324,
        45324,
        45324,
        null,
        null,
        1,
        45324,
        null,
        null,
        1,
        0,
        null,
        null,
        1,
        0,
        null,
        null,
        1,
        0,
        null,
        null,
        null,
        null,
        1,
        null,
        0,
        null,
        null,
        null,
        null,
        null,
        null,
        0,
        null,
        null
      ],
      "/Users/marinacorona/Turing/1602_Module1/black_thursday/lib/merchant_repository.rb": [
        1,
        1,
        1,
        1,
        1,
        1,
        null,
        1,
        null,
        1,
        0,
        null,
        null,
        1,
        null,
        1,
        null,
        1,
        57,
        null,
        null,
        1,
        46,
        46,
        14298,
        14298,
        null,
        null,
        0,
        null,
        null,
        null,
        1,
        10,
        30,
        30,
        null,
        null,
        null,
        1,
        10078,
        null,
        null,
        1,
        3,
        null,
        null,
        1,
        3,
        null,
        null,
        1,
        9996,
        null,
        null,
        1,
        0,
        null,
        null,
        null
      ],
      "/Users/marinacorona/Turing/1602_Module1/black_thursday/lib/merchant.rb": [
        1,
        1,
        null,
        1,
        1,
        null,
        1,
        14329,
        14329,
        14329,
        14329,
        14329,
        14329,
        14329,
        null,
        null,
        1,
        4,
        4,
        11,
        2,
        2,
        null,
        2,
        null,
        null,
        4,
        null,
        null,
        1,
        0,
        null,
        null,
        null
      ],
      "/Users/marinacorona/Turing/1602_Module1/black_thursday/lib/invoice_repository.rb": [
        1,
        1,
        1,
        1,
        1,
        null,
        1,
        null,
        1,
        0,
        null,
        null,
        1,
        null,
        1,
        36,
        null,
        null,
        1,
        28,
        104748,
        104748,
        null,
        null,
        null,
        1,
        8,
        32,
        32,
        null,
        null,
        null,
        1,
        0,
        null,
        null,
        1,
        47,
        null,
        null,
        1,
        6,
        3419,
        null,
        null,
        null,
        1,
        9999,
        49740519,
        null,
        null,
        null,
        1,
        2,
        8,
        null,
        null,
        null,
        1,
        2,
        8,
        null,
        null,
        null,
        null,
        null,
        null
      ],
      "/Users/marinacorona/Turing/1602_Module1/black_thursday/lib/invoice.rb": [
        1,
        1,
        null,
        1,
        1,
        1,
        104784,
        104784,
        104784,
        104784,
        104784,
        104784,
        104784,
        104784,
        104784,
        null,
        null,
        null,
        1,
        44,
        28,
        null,
        null,
        null,
        1,
        3,
        0,
        null,
        null,
        null,
        1,
        14965,
        null,
        null,
        1,
        0,
        0,
        null,
        null,
        null,
        1,
        4986,
        null,
        null,
        1,
        1,
        null,
        null,
        1,
        0,
        null,
        null,
        null
      ],
      "/Users/marinacorona/Turing/1602_Module1/black_thursday/lib/invoice_item_repository.rb": [
        1,
        1,
        1,
        1,
        null,
        1,
        null,
        1,
        0,
        null,
        null,
        1,
        null,
        1,
        17,
        null,
        null,
        1,
        9,
        87415,
        87415,
        null,
        null,
        null,
        1,
        8,
        32,
        32,
        null,
        null,
        1,
        6,
        null,
        null,
        1,
        0,
        null,
        null,
        1,
        2,
        8,
        null,
        null,
        null,
        1,
        2,
        8,
        null,
        null,
        null,
        1,
        29975,
        652936505,
        null,
        null,
        null,
        null
      ],
      "/Users/marinacorona/Turing/1602_Module1/black_thursday/lib/invoice_item.rb": [
        1,
        1,
        1,
        null,
        1,
        1,
        null,
        1,
        87450,
        87450,
        87450,
        87450,
        87450,
        87450,
        87450,
        87450,
        87450,
        null,
        null,
        1,
        43753,
        null,
        null,
        1,
        43753,
        null,
        null,
        1,
        1,
        null,
        null,
        1,
        1,
        null,
        null,
        1,
        0,
        null,
        null,
        null,
        null,
        1,
        null,
        null,
        null,
        null
      ],
      "/Users/marinacorona/Turing/1602_Module1/black_thursday/lib/transaction_repository.rb": [
        1,
        1,
        1,
        1,
        null,
        null,
        1,
        null,
        null,
        1,
        0,
        null,
        null,
        1,
        null,
        1,
        19,
        null,
        null,
        1,
        9,
        20210,
        20210,
        null,
        null,
        null,
        1,
        10,
        40,
        40,
        null,
        null,
        null,
        1,
        6,
        null,
        null,
        1,
        0,
        null,
        null,
        1,
        3,
        42,
        null,
        null,
        null,
        1,
        29975,
        149104760,
        null,
        null,
        null,
        1,
        2,
        8,
        null,
        null,
        null,
        1,
        2,
        8,
        null,
        null,
        null,
        null,
        null,
        null,
        1,
        0,
        0,
        null,
        0,
        0,
        0,
        0,
        0,
        null,
        0,
        0,
        null
      ],
      "/Users/marinacorona/Turing/1602_Module1/black_thursday/lib/transaction.rb": [
        1,
        1,
        null,
        1,
        1,
        null,
        null,
        1,
        20257,
        20257,
        20257,
        20257,
        20257,
        20257,
        20257,
        20257,
        null,
        null,
        1,
        2,
        null,
        null,
        1,
        2,
        null,
        null,
        1,
        0,
        null,
        null,
        null
      ],
      "/Users/marinacorona/Turing/1602_Module1/black_thursday/test/customer_test.rb": [
        1,
        1,
        1,
        1,
        1,
        null,
        1,
        1,
        1,
        1,
        null,
        null,
        1,
        1,
        null,
        null,
        null,
        null,
        null,
        null,
        1,
        1,
        1,
        1,
        1,
        null,
        null,
        null,
        null,
        null
      ],
      "/Users/marinacorona/Turing/1602_Module1/black_thursday/test/invoice_item_repository_test.rb": [
        1,
        1,
        1,
        1,
        1,
        null,
        1,
        1,
        null,
        1,
        8,
        8,
        8,
        8,
        null,
        8,
        null,
        8,
        8,
        null,
        null,
        1,
        1,
        null,
        null,
        1,
        1,
        1,
        1,
        null,
        null,
        1,
        1,
        1,
        1,
        null,
        null,
        1,
        1,
        1,
        null,
        null,
        1,
        1,
        1,
        1,
        null,
        null,
        1,
        1,
        1,
        null,
        null,
        1,
        1,
        1,
        1,
        null,
        null,
        1,
        1,
        1,
        null,
        null
      ],
      "/Users/marinacorona/Turing/1602_Module1/black_thursday/test/invoice_item_test.rb": [
        1,
        1,
        1,
        1,
        1,
        1,
        1,
        null,
        1,
        1,
        1,
        null,
        null,
        null,
        null,
        null,
        null,
        null,
        null,
        1,
        null,
        null,
        1,
        1,
        null,
        null,
        null,
        null,
        null,
        null,
        null,
        null,
        1,
        1,
        1,
        1,
        1,
        1,
        1,
        null,
        null,
        1,
        1,
        null,
        null,
        null,
        null,
        null,
        null,
        null,
        null,
        1,
        null,
        1,
        1,
        null,
        null
      ],
      "/Users/marinacorona/Turing/1602_Module1/black_thursday/test/invoice_repository_test.rb": [
        1,
        1,
        1,
        1,
        1,
        1,
        1,
        null,
        1,
        1,
        null,
        1,
        8,
        8,
        8,
        8,
        null,
        8,
        null,
        8,
        8,
        null,
        null,
        1,
        1,
        null,
        null,
        1,
        1,
        1,
        1,
        null,
        null,
        1,
        1,
        1,
        1,
        1,
        1,
        null,
        null,
        1,
        1,
        null,
        null,
        1,
        1,
        1,
        1,
        1,
        null,
        null,
        1,
        1,
        1,
        1,
        null,
        null,
        1,
        1,
        1,
        1,
        null,
        null,
        1,
        1,
        1,
        1,
        null,
        null,
        null,
        null
      ],
      "/Users/marinacorona/Turing/1602_Module1/black_thursday/test/invoice_test.rb": [
        1,
        1,
        1,
        1,
        1,
        1,
        1,
        null,
        1,
        null,
        1,
        1,
        null,
        null,
        null,
        null,
        null,
        null,
        null,
        1,
        null,
        null,
        1,
        1,
        null,
        null,
        null,
        null,
        null,
        null,
        null,
        1,
        1,
        1,
        1,
        1,
        null,
        null,
        1,
        1,
        1,
        1,
        1,
        1,
        1,
        null,
        null,
        1,
        1,
        1,
        1,
        1,
        1,
        1,
        null,
        null,
        null
      ],
      "/Users/marinacorona/Turing/1602_Module1/black_thursday/test/item_repository_test.rb": [
        1,
        1,
        1,
        1,
        1,
        null,
        1,
        null,
        1,
        1,
        null,
        1,
        1,
        null,
        1,
        1,
        1,
        null,
        null,
        1,
        1,
        null,
        1,
        1,
        null,
        1,
        1,
        1,
        null,
        null,
        1,
        1,
        null,
        1,
        1,
        null,
        1,
        1,
        1,
        null,
        null,
        1,
        1,
        null,
        1,
        1,
        null,
        1,
        1,
        1,
        1,
        null,
        null,
        null,
        null
      ],
      "/Users/marinacorona/Turing/1602_Module1/black_thursday/test/item_test.rb": [
        1,
        1,
        1,
        1,
        1,
        null,
        1,
        null,
        1,
        1,
        1,
        1,
        null,
        null,
        1,
        1,
        null,
        null,
        null,
        null,
        null,
        1,
        1,
        null,
        null,
        1,
        1,
        null,
        null,
        null,
        null,
        null,
        null,
        1,
        1,
        1,
        1,
        null,
        null,
        null
      ],
      "/Users/marinacorona/Turing/1602_Module1/black_thursday/test/merchant_repository_test.rb": [
        1,
        1,
        1,
        1,
        1,
        null,
        1,
        null,
        1,
        1,
        1,
        1,
        null,
        1,
        1,
        1,
        null,
        null,
        1,
        1,
        1,
        1,
        1,
        null,
        1,
        1,
        null,
        null,
        1,
        1,
        1,
        1,
        null,
        1,
        1,
        null,
        null,
        1,
        1,
        1,
        1,
        null,
        1,
        1,
        null,
        null,
        1,
        1,
        null,
        null,
        null,
        null,
        1,
        1,
        1,
        1,
        null,
        null,
        1,
        1,
        1,
        1,
        1,
        null,
        null,
        null,
        1,
        1,
        null,
        null,
        null,
        null,
        1,
        1,
        1,
        1,
        null,
        1,
        1,
        null,
        null,
        1,
        1,
        1,
        1,
        null,
        1,
        1,
        1,
        null,
        null,
        1,
        1,
        null,
        null,
        null,
        1,
        1,
        1,
        1,
        1,
        null,
        null,
        1,
        1,
        null,
        null,
        null,
        1,
        1,
        1,
        null,
        null,
        1,
        1,
        null,
        null,
        null,
        1,
        1,
        null,
        null,
        1,
        1,
        1,
        null,
        null,
        null
      ],
      "/Users/marinacorona/Turing/1602_Module1/black_thursday/test/merchant_test.rb": [
        1,
        1,
        1,
        1,
        1,
        null,
        1,
        1,
        1,
        1,
        null,
        null,
        1,
        1,
        1,
        1,
        1,
        1,
        null,
        null,
        1,
        1,
        1,
        1,
        1,
        null,
        null,
        null,
        null
      ],
      "/Users/marinacorona/Turing/1602_Module1/black_thursday/test/repository_test.rb": [
        1,
        1,
        1,
        1,
        1,
        1,
        1,
        null,
        1,
        null,
        1,
        1,
        1,
        1,
        1,
        1,
        null,
        null,
        1,
        1,
        1,
        1,
        1,
        1,
        null,
        null,
        1,
        1,
        1,
        1,
        1,
        1,
        null,
        null,
        1,
        1,
        1,
        1,
        1,
        1,
        null,
        null,
        1,
        1,
        1,
        1,
        1,
        1,
        null,
        null,
        1,
        1,
        1,
        1,
        1,
        null,
        1,
        1,
        1,
        null,
        null,
        null,
        null
      ],
      "/Users/marinacorona/Turing/1602_Module1/black_thursday/test/sales_analyst_test.rb": [
        1,
        1,
        1,
        1,
        1,
        1,
        1,
        1,
        null,
        1,
        null,
        1,
        1,
        1,
        1,
        1,
        null,
        null,
        1,
        1,
        1,
        1,
        1,
        1,
        1,
        null,
        null,
        1,
        1,
        1,
        1,
        1,
        1,
        null,
        1,
        1,
        1,
        null,
        null,
        1,
        1,
        1,
        1,
        1,
        1,
        1,
        1,
        1,
        null,
        null,
        1,
        1,
        1,
        1,
        1,
        null,
        1,
        1,
        1,
        1,
        null,
        null,
        1,
        1,
        1,
        1,
        1,
        null,
        1,
        1,
        null,
        1,
        1,
        1,
        1,
        null,
        null,
        1,
        1,
        1,
        1,
        1,
        null,
        1,
        1,
        1,
        1,
        null,
        null,
        1,
        1,
        1,
        1,
        1,
        null,
        1,
        1,
        1,
        1,
        null,
        null,
        1,
        1,
        1,
        1,
        1,
        1,
        1,
        null,
        1,
        null,
        null,
        1,
        1,
        1,
        1,
        null,
        1,
        1,
        1,
        null,
        null,
        1,
        1,
        1,
        1,
        1,
        null,
        1,
        null,
        null,
        1,
        1,
        1,
        1,
        1,
        null,
        1,
        null,
        null,
        1,
        1,
        1,
        1,
        1,
        null,
        1,
        null,
        null,
        1,
        1,
        1,
        1,
        1,
        null,
        1,
        1,
        null,
        1,
        1,
        1,
        null,
        null,
        1,
        1,
        1,
        1,
        1,
        null,
        1,
        1,
        null,
        1,
        1,
        1,
        null,
        null,
        1,
        1,
        1,
        1,
        1,
        null,
        1,
        1,
        null,
        1,
        1,
        null,
        null,
        1,
        1,
        1,
        1,
        1,
        null,
        1,
        1,
        1,
        null,
        null,
        null,
        null,
        null,
        null,
        null,
        null,
        null,
        1,
        1,
        1,
        1,
        1,
        1,
        1,
        1,
        1,
        1,
        null,
        null,
        1,
        1,
        1,
        1,
        1,
        1,
        1,
        null,
        null,
        1,
        1,
        1,
        1,
        1,
        1,
        1,
        1,
        null,
        null,
        1,
        1,
        1,
        1,
        1,
        1,
        1,
        null,
        null,
        1,
        1,
        1,
        1,
        1,
        1,
        1,
        null,
        null,
        1,
        1,
        1,
        1,
        1,
        1,
        1,
        1,
        1,
        null,
        null,
        1,
        1,
        1,
        1,
        1,
        0,
        0,
        0,
        null,
        null,
        1,
        1,
        1,
        1,
        1,
        1,
        1,
        1,
        1,
        1,
        null,
        null,
        null,
        null,
        null,
        null
      ],
      "/Users/marinacorona/Turing/1602_Module1/black_thursday/lib/sales_analyst.rb": [
        1,
        1,
        1,
        1,
        null,
        1,
        null,
        1,
        null,
        1,
        25,
        25,
        25,
        25,
        25,
        25,
        25,
        null,
        null,
        1,
        39,
        39,
        39,
        39,
        39,
        null,
        null,
        1,
        41,
        null,
        null,
        1,
        41,
        41,
        41,
        null,
        null,
        1,
        41,
        13339,
        null,
        null,
        null,
        1,
        1,
        475,
        null,
        null,
        null,
        1,
        39,
        12861,
        36999,
        null,
        12861,
        12861,
        null,
        null,
        null,
        1,
        2,
        1,
        null,
        null,
        1,
        480,
        2,
        null,
        null,
        1,
        1,
        1,
        1,
        null,
        null,
        1,
        1,
        1367,
        null,
        null,
        null,
        1,
        1,
        1367,
        null,
        1,
        1,
        null,
        null,
        1,
        1,
        1367,
        null,
        1,
        null,
        null,
        1,
        35,
        null,
        null,
        1,
        34,
        null,
        13318,
        null,
        34,
        34,
        null,
        null,
        1,
        1,
        475,
        null,
        null,
        null,
        1,
        1,
        475,
        null,
        null,
        null,
        1,
        1,
        1,
        1,
        1,
        1,
        null,
        null,
        1,
        1,
        4985,
        4985,
        4985,
        4985,
        null,
        null,
        null,
        1,
        1,
        1,
        1,
        null,
        null,
        1,
        1,
        7,
        null,
        1,
        1,
        null,
        null,
        1,
        1,
        7,
        null,
        1,
        null,
        null,
        1,
        3,
        14955,
        null,
        null,
        3,
        3,
        3,
        null,
        null,
        null,
        1,
        1,
        null,
        null,
        1,
        1,
        3,
        2,
        null,
        1,
        null,
        null,
        1,
        null,
        null,
        1,
        0,
        0,
        null,
        null,
        null,
        1,
        1,
        3,
        3,
        null,
        null,
        null,
        null,
        1,
        2,
        6,
        null,
        null,
        null,
        1,
        1,
        2,
        1,
        null,
        null,
        1,
        1,
        1,
        1,
        1,
        null,
        null,
        1,
        1,
        1,
        9,
        3,
        null,
        null,
        1,
        null,
        null,
        1,
        1,
        1,
        54,
        1,
        null,
        null,
        1,
        null,
        null,
        1,
        1,
        1,
        1,
        19,
        1,
        null,
        null,
        null,
        1,
        null,
        null,
        1,
        2,
        1,
        1,
        1,
        1,
        1,
        null,
        null,
        1,
        null,
        1,
        1367,
        null,
        1,
        null,
        null,
        1,
        1,
        16,
        null,
        null,
        null,
        1,
        0,
        0,
        0,
        null,
        null,
        null,
        1,
        null,
        16,
        1,
        null,
        null,
        null,
        null,
        1,
        null,
        17,
        3,
        null,
        null,
        1,
        null,
        31,
        3,
        null,
        null,
        1,
        4,
        14956,
        null,
        null,
        null,
        1,
        0,
        0,
        null,
        null,
        null,
        1,
        null,
        0,
        0,
        null,
        null,
        1,
        0,
        0,
        0,
        null,
        0,
        null,
        null,
        null,
        null,
        1,
        2,
        2,
        2,
        2,
        2,
        1422,
        null,
        2,
        null,
        null,
        1,
        2,
        51,
        null,
        null,
        null,
        1,
        null,
        0,
        0,
        null,
        null,
        1,
        0,
        0,
        0,
        null,
        null,
        1,
        0,
        0,
        null,
        null,
        null,
        1,
        null,
        0,
        0,
        null,
        null,
        null,
        null,
        1,
        null,
        0,
        null,
        null,
        null,
        null,
        null,
        0,
        null,
        null,
        null
      ],
      "/Users/marinacorona/Turing/1602_Module1/black_thursday/test/sales_engine_test.rb": [
        1,
        1,
        1,
        1,
        1,
        null,
        1,
        null,
        1,
        1,
        1,
        null,
        null,
        1,
        1,
        1,
        null,
        1,
        1,
        1,
        1,
        null,
        null,
        1,
        1,
        1,
        1,
        1,
        1,
        1,
        null,
        null,
        1,
        1,
        1,
        null,
        1,
        1,
        1,
        1,
        null,
        null,
        1,
        1,
        1,
        1,
        1,
        null,
        null,
        1,
        1,
        null,
        null,
        null,
        null,
        null,
        null,
        null,
        1,
        1,
        1,
        1,
        1,
        1,
        null,
        null,
        1,
        0,
        null,
        null,
        null,
        null,
        0,
        0,
        0,
        null,
        0,
        0,
        null,
        null,
        1,
        0,
        null,
        null,
        null,
        0,
        0,
        0,
        null,
        null,
        1,
        1,
        null,
        null,
        null,
        null,
        1,
        null,
        1,
        1,
        null,
        null,
        1,
        1,
        null,
        null,
        null,
        null,
        1,
        1,
        1,
        null,
        null,
        1,
        1,
        null,
        null,
        null,
        null,
        null,
        null,
        null,
        1,
        1,
        1,
        null,
        1,
        1,
        null,
        1,
        1,
        null,
        null,
        1,
        1,
        null,
        null,
        null,
        null,
        null,
        null,
        null,
        null,
        1,
        1,
        1,
        null,
        null,
        1,
        0,
        0,
        null,
        null,
        null,
        null,
        null,
        null,
        null,
        0,
        0,
        null,
        null,
        0,
        null,
        null,
        1,
        1,
        null,
        null,
        null,
        1,
        1,
        1,
        null,
        null,
        1,
        1,
        null,
        null,
        null,
        null,
        null,
        null,
        null,
        1,
        1,
        1,
        null,
        1,
        1,
        null,
        1,
        1,
        1,
        null,
        null
      ],
      "/Users/marinacorona/Turing/1602_Module1/black_thursday/test/test_helper.rb": [
        null,
        1,
        1
      ],
      "/Users/marinacorona/Turing/1602_Module1/black_thursday/test/transaction_repository_test.rb": [
        1,
        1,
        1,
        1,
        1,
        1,
        null,
        1,
        1,
        null,
        1,
        10,
        10,
        10,
        10,
        null,
        10,
        null,
        10,
        10,
        null,
        null,
        1,
        1,
        null,
        null,
        1,
        1,
        1,
        null,
        null,
        1,
        1,
        1,
        1,
        1,
        1,
        null,
        null,
        1,
        1,
        1,
        null,
        null,
        1,
        1,
        1,
        1,
        1,
        1,
        null,
        null,
        1,
        1,
        1,
        null,
        null,
        1,
        1,
        1,
        1,
        1,
        null,
        null,
        1,
        1,
        1,
        null,
        null,
        1,
        1,
        1,
        1,
        null,
        null,
        1,
        1,
        1,
        null,
        null,
        null
      ],
      "/Users/marinacorona/Turing/1602_Module1/black_thursday/test/transaction_test.rb": [
        1,
        1,
        1,
        1,
        1,
        1,
        null,
        1,
        1,
        1,
        null,
        null,
        null,
        null,
        null,
        null,
        null,
        null,
        1,
        null,
        null,
        1,
        1,
        null,
        null,
        null,
        null,
        null,
        null,
        null,
        null,
        1,
        1,
        1,
        1,
        1,
        1,
        1,
        null,
        null,
        1,
        1,
        null,
        null,
        null,
        null,
        null,
        null,
        null,
        null,
        1,
        1,
        1,
        1,
        1,
        1,
        1,
        1,
        null,
        null,
        null,
        null
      ]
    },
    "timestamp": 1457572290
  }
}
